Android Application/usbSerialExamples/build/outputs/mapping/release/seeds.txt
com.hoho.android.usbserial.examples.MainActivity
com.hoho.android.usbserial.examples.TerminalFragment$ControlLines: com.hoho.android.usbserial.examples.TerminalFragment this$0
com.hoho.android.usbserial.examples.DevicesFragment: com.github.mikephil.charting.charts.LineChart mChart
com.hoho.android.usbserial.examples.TerminalFragment: com.hoho.android.usbserial.util.SerialInputOutputManager usbIoManager
com.hoho.android.usbserial.examples.TerminalFragment$ControlLines: android.widget.ToggleButton dsrBtn
com.hoho.android.usbserial.examples.DevicesFragment$ListItem: com.hoho.android.usbserial.driver.UsbSerialDriver driver
com.hoho.android.usbserial.examples.DevicesFragment: android.widget.ArrayAdapter listAdapter
com.hoho.android.usbserial.examples.TerminalFragment: boolean connected
com.hoho.android.usbserial.examples.TerminalFragment: com.github.mikephil.charting.charts.LineChart mChart
com.hoho.android.usbserial.examples.DevicesFragment$ListItem: android.hardware.usb.UsbDevice device
com.hoho.android.usbserial.examples.TerminalFragment: boolean withIoManager
com.hoho.android.usbserial.examples.TerminalFragment: com.hoho.android.usbserial.examples.TerminalFragment$UsbPermission usbPermission
com.hoho.android.usbserial.examples.TerminalFragment: android.os.Handler mainLooper
com.hoho.android.usbserial.examples.TerminalFragment$UsbPermission: com.hoho.android.usbserial.examples.TerminalFragment$UsbPermission Granted
com.hoho.android.usbserial.examples.DevicesFragment$ListItem: int port
com.hoho.android.usbserial.examples.TerminalFragment$1: com.hoho.android.usbserial.examples.TerminalFragment this$0
com.hoho.android.usbserial.examples.TerminalFragment: int baudRate
com.hoho.android.usbserial.examples.TerminalFragment: android.content.BroadcastReceiver broadcastReceiver
com.hoho.android.usbserial.examples.TerminalFragment: com.hoho.android.usbserial.driver.UsbSerialPort usbSerialPort
com.hoho.android.usbserial.examples.TerminalFragment: int portNum
com.hoho.android.usbserial.examples.TerminalFragment$ControlLines: android.widget.ToggleButton dtrBtn
com.hoho.android.usbserial.examples.TFLiteLoader: org.tensorflow.lite.Interpreter mInterpreter
com.hoho.android.usbserial.examples.TFLiteLoader: android.content.Context mContext
com.hoho.android.usbserial.examples.TerminalFragment$ControlLines: android.widget.ToggleButton cdBtn
com.hoho.android.usbserial.examples.TerminalFragment$UsbPermission: com.hoho.android.usbserial.examples.TerminalFragment$UsbPermission Denied
com.hoho.android.usbserial.examples.TerminalFragment$UsbPermission: com.hoho.android.usbserial.examples.TerminalFragment$UsbPermission Requested
com.hoho.android.usbserial.examples.TerminalFragment$ControlLines: android.widget.ToggleButton ctsBtn
com.hoho.android.usbserial.examples.TerminalFragment: int deviceId
com.hoho.android.usbserial.examples.TerminalFragment$UsbPermission: com.hoho.android.usbserial.examples.TerminalFragment$UsbPermission Unknown
com.hoho.android.usbserial.examples.DevicesFragment: java.util.ArrayList listItems
com.hoho.android.usbserial.examples.DevicesFragment: boolean withIoManager
com.hoho.android.usbserial.examples.TerminalFragment$ControlLines: android.widget.ToggleButton rtsBtn
com.hoho.android.usbserial.examples.DevicesFragment: int baudRate
com.hoho.android.usbserial.examples.TerminalFragment: com.hoho.android.usbserial.examples.TerminalFragment$ControlLines controlLines
com.hoho.android.usbserial.examples.DevicesFragment$1: com.hoho.android.usbserial.examples.DevicesFragment this$0
com.hoho.android.usbserial.examples.TerminalFragment$ControlLines: java.lang.Runnable runnable
com.hoho.android.usbserial.examples.TerminalFragment$UsbPermission: com.hoho.android.usbserial.examples.TerminalFragment$UsbPermission[] $VALUES
com.hoho.android.usbserial.examples.TFLiteLoader: com.hoho.android.usbserial.examples.TFLiteLoader instance
com.hoho.android.usbserial.examples.TerminalFragment$ControlLines: android.widget.ToggleButton riBtn
...
com.google.android.material.R$attr: int colorControlHighlight
androidx.constraintlayout.solver.widgets.analyzer.DependencyNode: int margin
androidx.recyclerview.widget.LinearLayoutManager: androidx.recyclerview.widget.OrientationHelper mOrientationHelper
androidx.appcompat.R$styleable: int AppCompatTextView_drawableTintMode
androidx.constraintlayout.widget.ConstraintLayout$LayoutParams: int rightToRight
com.google.android.material.R$styleable: int[] MaterialAutoCompleteTextView
androidx.appcompat.R$attr: int spinnerStyle
com.google.android.material.R$id: int textinput_counter
androidx.collection.SimpleArrayMap: int mTwiceBaseCacheSize
androidx.arch.core.executor.ArchTaskExecutor: java.util.concurrent.Executor sMainThreadExecutor
androidx.constraintlayout.solver.widgets.ConstraintWidget: int mMatchConstraintDefaultWidth
androidx.transition.WindowIdApi14: android.os.IBinder mToken
androidx.appcompat.R$styleable: int View_android_theme
com.google.android.material.R$dimen: int material_font_1_3_box_collapsed_padding_top
androidx.recyclerview.widget.FastScroller: java.lang.Runnable mHideRunnable
com.hoho.android.usbserial.driver.Ch34xSerialDriver: java.lang.String TAG
androidx.appcompat.view.ViewPropertyAnimatorCompatSet: androidx.core.view.ViewPropertyAnimatorListener mListener
androidx.appcompat.widget.AppCompatDrawableManager$1: int[] TINT_COLOR_CONTROL_NORMAL
androidx.appcompat.app.AppCompatDelegateImpl$PanelFeatureState: androidx.appcompat.view.menu.MenuBuilder menu
androidx.recyclerview.widget.DefaultItemAnimator: android.animation.TimeInterpolator sDefaultInterpolator
androidx.recyclerview.widget.LinearLayoutManager: boolean mShouldReverseLayout
androidx.appcompat.R$layout: int abc_screen_simple_overlay_action_mode
androidx.appcompat.view.SupportMenuInflater$MenuState: int itemId
androidx.transition.Transition$AnimationInfo: androidx.transition.TransitionValues mValues
androidx.appcompat.app.AppCompatDelegateImpl: androidx.appcompat.app.AppCompatDelegateImpl$ActionMenuPresenterCallback mActionMenuPresenterCallback
androidx.core.graphics.TypefaceCompatApi26Impl: java.lang.reflect.Constructor mFontFamilyCtor
androidx.core.view.accessibility.AccessibilityNodeInfoCompat$AccessibilityActionCompat: androidx.core.view.accessibility.AccessibilityNodeInfoCompat$AccessibilityActionCompat ACTION_ACCESSIBILITY_FOCUS
androidx.constraintlayout.widget.ConstraintAttribute$AttributeType: androidx.constraintlayout.widget.ConstraintAttribute$AttributeType COLOR_TYPE
androidx.fragment.app.FragmentManagerViewModel: boolean mStateAutomaticallySaved
com.hoho.android.usbserial.driver.Ch34xSerialDriver: int LCR_CS8
androidx.recyclerview.R$styleable: int RecyclerView_layoutManager
androidx.appcompat.view.menu.CascadingMenuPopup: int mLastPosition
androidx.fragment.app.FragmentTransitionCompat21$2: java.util.ArrayList val$exitingViews
com.google.android.material.button.MaterialButton$SavedState: android.os.Parcelable$Creator CREATOR
androidx.appcompat.app.AppCompatDelegateImpl$ActionModeCallbackWrapperV9: androidx.appcompat.app.AppCompatDelegateImpl this$0
com.google.android.material.transformation.FabTransformationScrimBehavior: com.google.android.material.animation.MotionTiming expandTiming
androidx.appcompat.view.SupportMenuInflater$MenuState: int itemCheckable
com.google.android.material.floatingactionbutton.FloatingActionButtonImpl: boolean shadowPaddingEnabled
androidx.appcompat.resources.R$styleable: int[] ColorStateListItem
androidx.constraintlayout.widget.ConstraintLayout$LayoutParams: int endToStart
com.google.android.material.R$id: int month_navigation_fragment_toggle
com.google.android.material.chip.ChipGroup$PassThroughHierarchyChangeListener: com.google.android.material.chip.ChipGroup this$0
com.google.android.material.shape.MaterialShapeDrawable: android.graphics.RectF insetRectF
androidx.core.R$id: int accessibility_custom_action_14
com.google.android.material.R$styleable: int[] ActionBarLayout