Android Application/usbSerialExamples/build/outputs/mapping/release/mapping.txt
# compiler: R8
# compiler_version: 2.2.66
# min_api: 24
# pg_map_id: ccbefbe
# common_typos_disable
com.hoho.android.usbserial.examples.-$$Lambda$DevicesFragment$c9QfhX-VYMgaJ6REimkk8-dgQZ8 -> com.hoho.android.usbserial.examples.a:
# {"id":"sourceFile","fileName":"lambda"}
    com.hoho.android.usbserial.examples.DevicesFragment f$0 -> b
com.hoho.android.usbserial.examples.-$$Lambda$DevicesFragment$itrMJKAswDAMmAfVToJIA3Zs_1Y -> com.hoho.android.usbserial.examples.b:
# {"id":"sourceFile","fileName":"lambda"}
    com.hoho.android.usbserial.examples.DevicesFragment f$0 -> b
    java.lang.String[] f$1 -> c
com.hoho.android.usbserial.examples.-$$Lambda$TerminalFragment$3LrQibQEnNNeZCsTAe-_OTx6SgY -> com.hoho.android.usbserial.examples.c:
# {"id":"sourceFile","fileName":"lambda"}
    com.hoho.android.usbserial.examples.TerminalFragment f$0 -> b
com.hoho.android.usbserial.examples.-$$Lambda$TerminalFragment$4vrOXtJ6JUgaxiKMET2GbQEoZyk -> com.hoho.android.usbserial.examples.d:
# {"id":"sourceFile","fileName":"lambda"}
    com.hoho.android.usbserial.examples.TerminalFragment f$0 -> b
com.hoho.android.usbserial.examples.-$$Lambda$TerminalFragment$5WJfSTIaLW9jf57h77x5YP8wWm8 -> com.hoho.android.usbserial.examples.e:
# {"id":"sourceFile","fileName":"lambda"}
    com.hoho.android.usbserial.examples.TerminalFragment f$0 -> b
    byte[] f$1 -> c
com.hoho.android.usbserial.examples.-$$Lambda$TerminalFragment$ControlLines$KuQOafnQ1t0glLhIUk_QRzCtgxQ -> com.hoho.android.usbserial.examples.f:
# {"id":"sourceFile","fileName":"lambda"}
    com.hoho.android.usbserial.examples.TerminalFragment$ControlLines f$0 -> b
com.hoho.android.usbserial.examples.-$$Lambda$TerminalFragment$ControlLines$kuz9ePuUf7t_qeAwKkd4lxX5u1k -> com.hoho.android.usbserial.examples.g:
# {"id":"sourceFile","fileName":"lambda"}
    com.hoho.android.usbserial.examples.TerminalFragment$ControlLines f$0 -> b
com.hoho.android.usbserial.examples.-$$Lambda$TerminalFragment$EUZM5vvjUaOGYudNKc02kkLDbAQ -> com.hoho.android.usbserial.examples.h:
# {"id":"sourceFile","fileName":"lambda"}
    com.hoho.android.usbserial.examples.TerminalFragment f$0 -> b
com.hoho.android.usbserial.examples.-$$Lambda$TerminalFragment$O66luTGXZXZpN4SxXhnOEnuOWSY -> com.hoho.android.usbserial.examples.i:
# {"id":"sourceFile","fileName":"lambda"}
    com.hoho.android.usbserial.examples.TerminalFragment f$0 -> b
com.hoho.android.usbserial.examples.-$$Lambda$TerminalFragment$PW75yp7vRufDZ1YrHpWvIBpxkpc -> com.hoho.android.usbserial.examples.j:
# {"id":"sourceFile","fileName":"lambda"}
    com.hoho.android.usbserial.examples.TerminalFragment f$0 -> b
    java.lang.Exception f$1 -> c
com.hoho.android.usbserial.examples.-$$Lambda$TerminalFragment$Q4b1Gm4PUMuJNqRacgga0a6qV3c -> com.hoho.android.usbserial.examples.k:
# {"id":"sourceFile","fileName":"lambda"}
    android.widget.TextView f$1 -> c
    com.hoho.android.usbserial.examples.TerminalFragment f$0 -> b
com.hoho.android.usbserial.examples.CustomProber -> com.hoho.android.usbserial.examples.l:
    com.hoho.android.usbserial.driver.UsbSerialProber getCustomProber() -> a
...
com.google.android.material.animation.AnimatorSetCompat -> b.b.a.a.l.b:
    void playTogether(android.animation.AnimatorSet,java.util.List) -> a
com.google.android.material.animation.ArgbEvaluatorCompat -> b.b.a.a.l.c:
    com.google.android.material.animation.ArgbEvaluatorCompat instance -> a
    java.lang.Integer evaluate(float,java.lang.Integer,java.lang.Integer) -> a
    com.google.android.material.animation.ArgbEvaluatorCompat getInstance() -> b
com.google.android.material.animation.ChildrenAlphaProperty -> b.b.a.a.l.d:
    android.util.Property CHILDREN_ALPHA -> a
    java.lang.Float get(android.view.ViewGroup) -> a
    void set(android.view.ViewGroup,java.lang.Float) -> b
com.google.android.material.animation.DrawableAlphaProperty -> b.b.a.a.l.e:
    android.util.Property DRAWABLE_ALPHA_COMPAT -> a
    java.util.WeakHashMap alphaCache -> b
    java.lang.Integer get(android.graphics.drawable.Drawable) -> a
    void set(android.graphics.drawable.Drawable,java.lang.Integer) -> b
com.google.android.material.animation.ImageMatrixProperty -> b.b.a.a.l.f:
    android.graphics.Matrix matrix -> a
    android.graphics.Matrix get(android.widget.ImageView) -> a
    void set(android.widget.ImageView,android.graphics.Matrix) -> b
com.google.android.material.animation.MatrixEvaluator -> b.b.a.a.l.g:
    android.graphics.Matrix tempMatrix -> c
    float[] tempStartValues -> a
    float[] tempEndValues -> b
    android.graphics.Matrix evaluate(float,android.graphics.Matrix,android.graphics.Matrix) -> a
com.google.android.material.animation.MotionSpec -> b.b.a.a.l.h:
    androidx.collection.SimpleArrayMap timings -> a
    androidx.collection.SimpleArrayMap propertyValues -> b
    void addInfoFromAnimator(com.google.android.material.animation.MotionSpec,android.animation.Animator) -> a
    com.google.android.material.animation.MotionSpec createFromAttribute(android.content.Context,android.content.res.TypedArray,int) -> b
    com.google.android.material.animation.MotionSpec createFromResource(android.content.Context,int) -> c
    com.google.android.material.animation.MotionSpec createSpecFromAnimators(java.util.List) -> d
    com.google.android.material.animation.MotionTiming getTiming(java.lang.String) -> e
    long getTotalDuration() -> f
    boolean hasTiming(java.lang.String) -> g
    void setPropertyValues(java.lang.String,android.animation.PropertyValuesHolder[]) -> h
    void setTiming(java.lang.String,com.google.android.material.animation.MotionTiming) -> i
com.google.android.material.animation.MotionTiming -> b.b.a.a.l.i:
    android.animation.TimeInterpolator interpolator -> c
    long duration -> b
    long delay -> a
    int repeatCount -> d
    int repeatMode -> e
    void apply(android.animation.Animator) -> a
    com.google.android.material.animation.MotionTiming createFromAnimator(android.animation.ValueAnimator) -> b
    long getDelay() -> c
    long getDuration() -> d
    android.animation.TimeInterpolator getInterpolator() -> e
    android.animation.TimeInterpolator getInterpolatorCompat(android.animation.ValueAnimator) -> f
    int getRepeatCount() -> g
    int getRepeatMode() -> h
com.google.android.material.animation.Positioning -> b.b.a.a.l.j:
    float yAdjustment -> c
    float xAdjustment -> b
    int gravity -> a
com.google.android.material.animation.TransformationCallback -> b.b.a.a.l.k:
    void onScaleChanged(android.view.View) -> a
    void onTranslationChanged(android.view.View) -> b