Android Application/usbSerialExamples/build/outputs/mapping/release/usage.txt
com.hoho.android.usbserial.examples.BuildConfig
com.hoho.android.usbserial.examples.ChartUtil
com.hoho.android.usbserial.examples.CustomMarkerView
com.hoho.android.usbserial.examples.CustomProber:
    void <init>()
com.hoho.android.usbserial.examples.DevicesFragment:
    private android.widget.TextView tvX
    private android.widget.TextView tvY
com.hoho.android.usbserial.examples.R$anim
com.hoho.android.usbserial.examples.R$animator
com.hoho.android.usbserial.examples.R$array
com.hoho.android.usbserial.examples.R$attr
com.hoho.android.usbserial.examples.R$bool
com.hoho.android.usbserial.examples.R$color
com.hoho.android.usbserial.examples.R$dimen
com.hoho.android.usbserial.examples.R$drawable
com.hoho.android.usbserial.examples.R$id
com.hoho.android.usbserial.examples.R$integer
com.hoho.android.usbserial.examples.R$interpolator
com.hoho.android.usbserial.examples.R$layout
com.hoho.android.usbserial.examples.R$menu
com.hoho.android.usbserial.examples.R$mipmap
com.hoho.android.usbserial.examples.R$plurals
com.hoho.android.usbserial.examples.R$string
com.hoho.android.usbserial.examples.R$style
com.hoho.android.usbserial.examples.R$styleable
com.hoho.android.usbserial.examples.R$xml
com.hoho.android.usbserial.examples.R
com.hoho.android.usbserial.examples.TerminalFragment$ControlLines:
    private static final int refreshInterval
com.hoho.android.usbserial.examples.TerminalFragment:
    private static final java.lang.String INTENT_ACTION_GRANT_USB
    private static final int READ_WAIT_MILLIS
    private static final int WRITE_WAIT_MILLIS
    private android.widget.TextView tvX
    private android.widget.TextView tvY
    private static byte[] hexStrToBinaryStr(java.lang.String)
...
androidx.core.app.JobIntentService$CompatWorkEnqueuer
androidx.core.app.JobIntentService$CompatWorkItem
androidx.core.app.JobIntentService$GenericWorkItem
androidx.core.app.JobIntentService$JobServiceEngineImpl$WrapperWorkItem
androidx.core.app.JobIntentService$JobServiceEngineImpl
androidx.core.app.JobIntentService$JobWorkEnqueuer
androidx.core.app.JobIntentService$WorkEnqueuer
androidx.core.app.JobIntentService
androidx.core.app.NavUtils:
    public static final java.lang.String PARENT_ACTIVITY
    private static final java.lang.String TAG
    private void <init>()
    public static android.content.Intent getParentActivityIntent(android.content.Context,java.lang.Class)
    public static void navigateUpFromSameTask(android.app.Activity)
androidx.core.app.NotificationBuilderWithBuilderAccessor
androidx.core.app.NotificationCompat$1
androidx.core.app.NotificationCompat$Action$Builder
androidx.core.app.NotificationCompat$Action$Extender
androidx.core.app.NotificationCompat$Action$SemanticAction
androidx.core.app.NotificationCompat$Action$WearableExtender
androidx.core.app.NotificationCompat$Action
androidx.core.app.NotificationCompat$BadgeIconType
androidx.core.app.NotificationCompat$BigPictureStyle
androidx.core.app.NotificationCompat$BigTextStyle
androidx.core.app.NotificationCompat$BubbleMetadata$Builder
androidx.core.app.NotificationCompat$BubbleMetadata
androidx.core.app.NotificationCompat$Builder
androidx.core.app.NotificationCompat$CarExtender$UnreadConversation$Builder
androidx.core.app.NotificationCompat$CarExtender$UnreadConversation
androidx.core.app.NotificationCompat$CarExtender
androidx.core.app.NotificationCompat$DecoratedCustomViewStyle
androidx.core.app.NotificationCompat$Extender
androidx.core.app.NotificationCompat$GroupAlertBehavior
androidx.core.app.NotificationCompat$InboxStyle
androidx.core.app.NotificationCompat$MessagingStyle$Message
androidx.core.app.NotificationCompat$MessagingStyle
androidx.core.app.NotificationCompat$NotificationVisibility
androidx.core.app.NotificationCompat$StreamType
androidx.core.app.NotificationCompat$Style
androidx.core.app.NotificationCompat$WearableExtender
androidx.core.app.NotificationCompat
androidx.core.app.NotificationCompatBuilder
androidx.core.app.NotificationCompatExtras
androidx.core.app.NotificationCompatJellybean
androidx.core.app.NotificationCompatSideChannelService$NotificationSideChannelStub
androidx.core.app.NotificationCompatSideChannelService
androidx.core.app.NotificationManagerCompat$CancelTask
androidx.core.app.NotificationManagerCompat$NotifyTask
androidx.core.app.NotificationManagerCompat$ServiceConnectedEvent
androidx.core.app.NotificationManagerCompat$SideChannelManager$ListenerRecord
androidx.core.app.NotificationManagerCompat$SideChannelManager
androidx.core.app.NotificationManagerCompat$Task
androidx.core.app.NotificationManagerCompat
androidx.core.app.Person$Builder
androidx.core.app.Person
androidx.core.app.RemoteActionCompat:
    public void <init>(androidx.core.app.RemoteActionCompat)
    public void <init>(androidx.core.graphics.drawable.IconCompat,java.lang.CharSequence,java.lang.CharSequence,android.app.PendingIntent)
    public static androidx.core.app.RemoteActionCompat createFromRemoteAction(android.app.RemoteAction)
    public android.app.PendingIntent getActionIntent()
    public java.lang.CharSequence getContentDescription()
    public androidx.core.graphics.drawable.IconCompat getIcon()
    public java.lang.CharSequence getTitle()
    public boolean isEnabled()
    public void setEnabled(boolean)
    public void setShouldShowIcon(boolean)
    public boolean shouldShowIcon()
    public android.app.RemoteAction toRemoteAction()
androidx.core.app.RemoteInput$Builder
androidx.core.app.RemoteInput$EditChoicesBeforeSending
androidx.core.app.RemoteInput$Source
androidx.core.app.RemoteInput
androidx.core.app.ServiceCompat$StopForegroundFlags
androidx.core.app.ServiceCompat
androidx.core.app.ShareCompat$IntentBuilder